Language: zh_en
Train data size: 750
Should early stop at epoch 39
Best Test  Hit@1  = 0.684(0.833) at epoch 25
Best Test  Hit@10 = 0.835(0.684) at epoch 31
start: 2024-01-29 22:25:06
end: 2024-01-29 22:28:15
used_time: 0:03:09.641483
====================================
Train data size: 1500
Should early stop at epoch 29
Best Test  Hit@1  = 0.707(0.85) at epoch 27
Best Test  Hit@10 = 0.85(0.706) at epoch 26
start: 2024-01-29 22:28:20
end: 2024-01-29 22:31:25
used_time: 0:03:04.934360
====================================
Train data size: 2250
Should early stop at epoch 19
Best Test  Hit@1  = 0.731(0.866) at epoch 14
Best Test  Hit@10 = 0.867(0.73) at epoch 18
start: 2024-01-29 22:31:29
end: 2024-01-29 22:34:14
used_time: 0:02:45.028340
====================================
Train data size: 3000
Should early stop at epoch 19
Best Test  Hit@1  = 0.758(0.881) at epoch 12
Best Test  Hit@10 = 0.885(0.757) at epoch 18
start: 2024-01-29 22:34:19
end: 2024-01-29 22:37:52
used_time: 0:03:32.961041
====================================
Train data size: 3750
Should early stop at epoch 20
Best Test  Hit@1  = 0.791(0.906) at epoch 16
Best Test  Hit@10 = 0.907(0.791) at epoch 20
start: 2024-01-29 22:37:57
end: 2024-01-29 22:42:52
used_time: 0:04:54.545313
====================================
Train data size: 4500
Should early stop at epoch 9
Best Test  Hit@1  = 0.823(0.922) at epoch 9
Best Test  Hit@10 = 0.922(0.823) at epoch 9
start: 2024-01-29 22:42:56
end: 2024-01-29 22:46:11
used_time: 0:03:15.802530
====================================